\BOOKMARK [0][-]{chapter.1}{\376\377\0001\000\040\000H\000i\000e\000r\000a\000r\000c\000h\000i\000c\000a\000l\000\040\000I\000n\000d\000e\000x}{}% 1
\BOOKMARK [1][-]{section.1.1}{\376\377\0001\000.\0001\000\040\000C\000l\000a\000s\000s\000\040\000H\000i\000e\000r\000a\000r\000c\000h\000y}{chapter.1}% 2
\BOOKMARK [0][-]{chapter.2}{\376\377\0002\000\040\000C\000l\000a\000s\000s\000\040\000I\000n\000d\000e\000x}{}% 3
\BOOKMARK [1][-]{section.2.1}{\376\377\0002\000.\0001\000\040\000C\000l\000a\000s\000s\000\040\000L\000i\000s\000t}{chapter.2}% 4
\BOOKMARK [0][-]{chapter.3}{\376\377\0003\000\040\000F\000i\000l\000e\000\040\000I\000n\000d\000e\000x}{}% 5
\BOOKMARK [1][-]{section.3.1}{\376\377\0003\000.\0001\000\040\000F\000i\000l\000e\000\040\000L\000i\000s\000t}{chapter.3}% 6
\BOOKMARK [0][-]{chapter.4}{\376\377\0004\000\040\000C\000l\000a\000s\000s\000\040\000D\000o\000c\000u\000m\000e\000n\000t\000a\000t\000i\000o\000n}{}% 7
\BOOKMARK [1][-]{section.4.1}{\376\377\0004\000.\0001\000\040\000H\000u\000m\000a\000n\000\040\000C\000l\000a\000s\000s\000\040\000R\000e\000f\000e\000r\000e\000n\000c\000e}{chapter.4}% 8
\BOOKMARK [2][-]{subsection.4.1.1}{\376\377\0004\000.\0001\000.\0001\000\040\000C\000o\000n\000s\000t\000r\000u\000c\000t\000o\000r\000\040\000\046\000\040\000D\000e\000s\000t\000r\000u\000c\000t\000o\000r\000\040\000D\000o\000c\000u\000m\000e\000n\000t\000a\000t\000i\000o\000n}{section.4.1}% 9
\BOOKMARK [3][-]{subsubsection.4.1.1.1}{\376\377\0004\000.\0001\000.\0001\000.\0001\000\040\000H\000u\000m\000a\000n\000\050\000\051\000\040\000[\0001\000/\0002\000]}{subsection.4.1.1}% 10
\BOOKMARK [3][-]{subsubsection.4.1.1.2}{\376\377\0004\000.\0001\000.\0001\000.\0002\000\040\000H\000u\000m\000a\000n\000\050\000\051\000\040\000[\0002\000/\0002\000]}{subsection.4.1.1}% 11
\BOOKMARK [3][-]{subsubsection.4.1.1.3}{\376\377\0004\000.\0001\000.\0001\000.\0003\000\040\000~\000H\000u\000m\000a\000n\000\050\000\051}{subsection.4.1.1}% 12
\BOOKMARK [2][-]{subsection.4.1.2}{\376\377\0004\000.\0001\000.\0002\000\040\000M\000e\000m\000b\000e\000r\000\040\000F\000u\000n\000c\000t\000i\000o\000n\000\040\000D\000o\000c\000u\000m\000e\000n\000t\000a\000t\000i\000o\000n}{section.4.1}% 13
\BOOKMARK [3][-]{subsubsection.4.1.2.1}{\376\377\0004\000.\0001\000.\0002\000.\0001\000\040\000g\000e\000t\000P\000a\000v\000a\000r\000d\000e\000\050\000\051}{subsection.4.1.2}% 14
\BOOKMARK [3][-]{subsubsection.4.1.2.2}{\376\377\0004\000.\0001\000.\0002\000.\0002\000\040\000g\000e\000t\000V\000a\000r\000d\000a\000s\000\050\000\051}{subsection.4.1.2}% 15
\BOOKMARK [3][-]{subsubsection.4.1.2.3}{\376\377\0004\000.\0001\000.\0002\000.\0003\000\040\000s\000e\000t\000P\000a\000v\000a\000r\000d\000e\000\050\000\051}{subsection.4.1.2}% 16
\BOOKMARK [3][-]{subsubsection.4.1.2.4}{\376\377\0004\000.\0001\000.\0002\000.\0004\000\040\000s\000e\000t\000V\000a\000r\000d\000a\000s\000\050\000\051}{subsection.4.1.2}% 17
\BOOKMARK [3][-]{subsubsection.4.1.2.5}{\376\377\0004\000.\0001\000.\0002\000.\0005\000\040\000s\000k\000a\000i\000c\000i\000u\000o\000t\000i\000G\000a\000l\000u\000t\000i\000n\000i\000\050\000\051}{subsection.4.1.2}% 18
\BOOKMARK [2][-]{subsection.4.1.3}{\376\377\0004\000.\0001\000.\0003\000\040\000M\000e\000m\000b\000e\000r\000\040\000D\000a\000t\000a\000\040\000D\000o\000c\000u\000m\000e\000n\000t\000a\000t\000i\000o\000n}{section.4.1}% 19
\BOOKMARK [3][-]{subsubsection.4.1.3.1}{\376\377\0004\000.\0001\000.\0003\000.\0001\000\040\000p\000a\000v\000a\000r\000d\000e}{subsection.4.1.3}% 20
\BOOKMARK [3][-]{subsubsection.4.1.3.2}{\376\377\0004\000.\0001\000.\0003\000.\0002\000\040\000v\000a\000r\000d\000a\000s}{subsection.4.1.3}% 21
\BOOKMARK [1][-]{section.4.2}{\376\377\0004\000.\0002\000\040\000s\000t\000u\000d\000e\000n\000t\000\040\000C\000l\000a\000s\000s\000\040\000R\000e\000f\000e\000r\000e\000n\000c\000e}{chapter.4}% 22
\BOOKMARK [2][-]{subsection.4.2.1}{\376\377\0004\000.\0002\000.\0001\000\040\000C\000o\000n\000s\000t\000r\000u\000c\000t\000o\000r\000\040\000\046\000\040\000D\000e\000s\000t\000r\000u\000c\000t\000o\000r\000\040\000D\000o\000c\000u\000m\000e\000n\000t\000a\000t\000i\000o\000n}{section.4.2}% 23
\BOOKMARK [3][-]{subsubsection.4.2.1.1}{\376\377\0004\000.\0002\000.\0001\000.\0001\000\040\000s\000t\000u\000d\000e\000n\000t\000\050\000\051\000\040\000[\0001\000/\0004\000]}{subsection.4.2.1}% 24
\BOOKMARK [3][-]{subsubsection.4.2.1.2}{\376\377\0004\000.\0002\000.\0001\000.\0002\000\040\000s\000t\000u\000d\000e\000n\000t\000\050\000\051\000\040\000[\0002\000/\0004\000]}{subsection.4.2.1}% 25
\BOOKMARK [3][-]{subsubsection.4.2.1.3}{\376\377\0004\000.\0002\000.\0001\000.\0003\000\040\000s\000t\000u\000d\000e\000n\000t\000\050\000\051\000\040\000[\0003\000/\0004\000]}{subsection.4.2.1}% 26
\BOOKMARK [3][-]{subsubsection.4.2.1.4}{\376\377\0004\000.\0002\000.\0001\000.\0004\000\040\000s\000t\000u\000d\000e\000n\000t\000\050\000\051\000\040\000[\0004\000/\0004\000]}{subsection.4.2.1}% 27
\BOOKMARK [2][-]{subsection.4.2.2}{\376\377\0004\000.\0002\000.\0002\000\040\000M\000e\000m\000b\000e\000r\000\040\000F\000u\000n\000c\000t\000i\000o\000n\000\040\000D\000o\000c\000u\000m\000e\000n\000t\000a\000t\000i\000o\000n}{section.4.2}% 28
\BOOKMARK [3][-]{subsubsection.4.2.2.1}{\376\377\0004\000.\0002\000.\0002\000.\0001\000\040\000a\000d\000d\000P\000a\000z\000y\000m\000y\000s\000\050\000\051}{subsection.4.2.2}% 29
\BOOKMARK [3][-]{subsubsection.4.2.2.2}{\376\377\0004\000.\0002\000.\0002\000.\0002\000\040\000g\000e\000t\000E\000g\000z\000a\000m\000i\000n\000o\000R\000e\000z\000u\000l\000t\000a\000t\000a\000s\000\050\000\051}{subsection.4.2.2}% 30
\BOOKMARK [3][-]{subsubsection.4.2.2.3}{\376\377\0004\000.\0002\000.\0002\000.\0003\000\040\000g\000e\000t\000G\000a\000l\000u\000t\000i\000n\000i\000s\000M\000\050\000\051}{subsection.4.2.2}% 31
\BOOKMARK [3][-]{subsubsection.4.2.2.4}{\376\377\0004\000.\0002\000.\0002\000.\0004\000\040\000g\000e\000t\000G\000a\000l\000u\000t\000i\000n\000i\000s\000V\000\050\000\051}{subsection.4.2.2}% 32
\BOOKMARK [3][-]{subsubsection.4.2.2.5}{\376\377\0004\000.\0002\000.\0002\000.\0005\000\040\000g\000e\000t\000P\000a\000z\000y\000m\000i\000a\000i\000\050\000\051}{subsection.4.2.2}% 33
\BOOKMARK [3][-]{subsubsection.4.2.2.6}{\376\377\0004\000.\0002\000.\0002\000.\0006\000\040\000o\000p\000e\000r\000a\000t\000o\000r\000=\000\050\000\051\000\040\000[\0001\000/\0002\000]}{subsection.4.2.2}% 34
\BOOKMARK [3][-]{subsubsection.4.2.2.7}{\376\377\0004\000.\0002\000.\0002\000.\0007\000\040\000o\000p\000e\000r\000a\000t\000o\000r\000=\000\050\000\051\000\040\000[\0002\000/\0002\000]}{subsection.4.2.2}% 35
\BOOKMARK [3][-]{subsubsection.4.2.2.8}{\376\377\0004\000.\0002\000.\0002\000.\0008\000\040\000s\000e\000t\000E\000g\000z\000a\000m\000i\000n\000o\000R\000e\000z\000u\000l\000t\000a\000t\000a\000s\000\050\000\051}{subsection.4.2.2}% 36
\BOOKMARK [3][-]{subsubsection.4.2.2.9}{\376\377\0004\000.\0002\000.\0002\000.\0009\000\040\000s\000e\000t\000G\000a\000l\000u\000t\000i\000n\000i\000s\000M\000\050\000\051}{subsection.4.2.2}% 37
\BOOKMARK [3][-]{subsubsection.4.2.2.10}{\376\377\0004\000.\0002\000.\0002\000.\0001\0000\000\040\000s\000e\000t\000G\000a\000l\000u\000t\000i\000n\000i\000s\000V\000\050\000\051}{subsection.4.2.2}% 38
\BOOKMARK [3][-]{subsubsection.4.2.2.11}{\376\377\0004\000.\0002\000.\0002\000.\0001\0001\000\040\000s\000e\000t\000P\000a\000z\000y\000m\000i\000a\000i\000\050\000\051}{subsection.4.2.2}% 39
\BOOKMARK [3][-]{subsubsection.4.2.2.12}{\376\377\0004\000.\0002\000.\0002\000.\0001\0002\000\040\000s\000k\000a\000i\000c\000i\000u\000o\000t\000i\000G\000a\000l\000u\000t\000i\000n\000i\000\050\000\051}{subsection.4.2.2}% 40
\BOOKMARK [3][-]{subsubsection.4.2.2.13}{\376\377\0004\000.\0002\000.\0002\000.\0001\0003\000\040\000s\000k\000a\000i\000c\000i\000u\000o\000t\000i\000M\000e\000d\000\050\000\051}{subsection.4.2.2}% 41
\BOOKMARK [3][-]{subsubsection.4.2.2.14}{\376\377\0004\000.\0002\000.\0002\000.\0001\0004\000\040\000s\000k\000a\000i\000c\000i\000u\000o\000t\000i\000V\000i\000d\000\050\000\051}{subsection.4.2.2}% 42
\BOOKMARK [2][-]{subsection.4.2.3}{\376\377\0004\000.\0002\000.\0003\000\040\000F\000r\000i\000e\000n\000d\000s\000\040\000A\000n\000d\000\040\000R\000e\000l\000a\000t\000e\000d\000\040\000S\000y\000m\000b\000o\000l\000\040\000D\000o\000c\000u\000m\000e\000n\000t\000a\000t\000i\000o\000n}{section.4.2}% 43
\BOOKMARK [3][-]{subsubsection.4.2.3.1}{\376\377\0004\000.\0002\000.\0003\000.\0001\000\040\000o\000p\000e\000r\000a\000t\000o\000r\000<\000<}{subsection.4.2.3}% 44
\BOOKMARK [3][-]{subsubsection.4.2.3.2}{\376\377\0004\000.\0002\000.\0003\000.\0002\000\040\000o\000p\000e\000r\000a\000t\000o\000r\000>\000>}{subsection.4.2.3}% 45
\BOOKMARK [2][-]{subsection.4.2.4}{\376\377\0004\000.\0002\000.\0004\000\040\000M\000e\000m\000b\000e\000r\000\040\000D\000a\000t\000a\000\040\000D\000o\000c\000u\000m\000e\000n\000t\000a\000t\000i\000o\000n}{section.4.2}% 46
\BOOKMARK [3][-]{subsubsection.4.2.4.1}{\376\377\0004\000.\0002\000.\0004\000.\0001\000\040\000e\000g\000z\000a\000m\000i\000n\000o\000R\000e\000z\000u\000l\000t\000a\000t\000a\000s}{subsection.4.2.4}% 47
\BOOKMARK [3][-]{subsubsection.4.2.4.2}{\376\377\0004\000.\0002\000.\0004\000.\0002\000\040\000g\000a\000l\000u\000t\000i\000n\000i\000s\000M}{subsection.4.2.4}% 48
\BOOKMARK [3][-]{subsubsection.4.2.4.3}{\376\377\0004\000.\0002\000.\0004\000.\0003\000\040\000g\000a\000l\000u\000t\000i\000n\000i\000s\000V}{subsection.4.2.4}% 49
\BOOKMARK [3][-]{subsubsection.4.2.4.4}{\376\377\0004\000.\0002\000.\0004\000.\0004\000\040\000p\000a\000z\000y\000m\000i\000a\000i}{subsection.4.2.4}% 50
\BOOKMARK [1][-]{section.4.3}{\376\377\0004\000.\0003\000\040\000V\000e\000c\000t\000o\000r\000<\000\040\000T\000\040\000>\000\040\000C\000l\000a\000s\000s\000\040\000T\000e\000m\000p\000l\000a\000t\000e\000\040\000R\000e\000f\000e\000r\000e\000n\000c\000e}{chapter.4}% 51
\BOOKMARK [2][-]{subsection.4.3.1}{\376\377\0004\000.\0003\000.\0001\000\040\000M\000e\000m\000b\000e\000r\000\040\000T\000y\000p\000e\000d\000e\000f\000\040\000D\000o\000c\000u\000m\000e\000n\000t\000a\000t\000i\000o\000n}{section.4.3}% 52
\BOOKMARK [3][-]{subsubsection.4.3.1.1}{\376\377\0004\000.\0003\000.\0001\000.\0001\000\040\000c\000o\000n\000s\000t\000\137\000i\000t\000e\000r\000a\000t\000o\000r}{subsection.4.3.1}% 53
\BOOKMARK [3][-]{subsubsection.4.3.1.2}{\376\377\0004\000.\0003\000.\0001\000.\0002\000\040\000i\000t\000e\000r\000a\000t\000o\000r}{subsection.4.3.1}% 54
\BOOKMARK [2][-]{subsection.4.3.2}{\376\377\0004\000.\0003\000.\0002\000\040\000C\000o\000n\000s\000t\000r\000u\000c\000t\000o\000r\000\040\000\046\000\040\000D\000e\000s\000t\000r\000u\000c\000t\000o\000r\000\040\000D\000o\000c\000u\000m\000e\000n\000t\000a\000t\000i\000o\000n}{section.4.3}% 55
\BOOKMARK [3][-]{subsubsection.4.3.2.1}{\376\377\0004\000.\0003\000.\0002\000.\0001\000\040\000V\000e\000c\000t\000o\000r\000\050\000\051\000\040\000[\0001\000/\0004\000]}{subsection.4.3.2}% 56
\BOOKMARK [3][-]{subsubsection.4.3.2.2}{\376\377\0004\000.\0003\000.\0002\000.\0002\000\040\000V\000e\000c\000t\000o\000r\000\050\000\051\000\040\000[\0002\000/\0004\000]}{subsection.4.3.2}% 57
\BOOKMARK [3][-]{subsubsection.4.3.2.3}{\376\377\0004\000.\0003\000.\0002\000.\0003\000\040\000~\000V\000e\000c\000t\000o\000r\000\050\000\051}{subsection.4.3.2}% 58
\BOOKMARK [3][-]{subsubsection.4.3.2.4}{\376\377\0004\000.\0003\000.\0002\000.\0004\000\040\000V\000e\000c\000t\000o\000r\000\050\000\051\000\040\000[\0003\000/\0004\000]}{subsection.4.3.2}% 59
\BOOKMARK [3][-]{subsubsection.4.3.2.5}{\376\377\0004\000.\0003\000.\0002\000.\0005\000\040\000V\000e\000c\000t\000o\000r\000\050\000\051\000\040\000[\0004\000/\0004\000]}{subsection.4.3.2}% 60
\BOOKMARK [2][-]{subsection.4.3.3}{\376\377\0004\000.\0003\000.\0003\000\040\000M\000e\000m\000b\000e\000r\000\040\000F\000u\000n\000c\000t\000i\000o\000n\000\040\000D\000o\000c\000u\000m\000e\000n\000t\000a\000t\000i\000o\000n}{section.4.3}% 61
\BOOKMARK [3][-]{subsubsection.4.3.3.1}{\376\377\0004\000.\0003\000.\0003\000.\0001\000\040\000a\000s\000s\000i\000g\000n\000\050\000\051\000\040\000[\0001\000/\0002\000]}{subsection.4.3.3}% 62
\BOOKMARK [3][-]{subsubsection.4.3.3.2}{\376\377\0004\000.\0003\000.\0003\000.\0002\000\040\000a\000s\000s\000i\000g\000n\000\050\000\051\000\040\000[\0002\000/\0002\000]}{subsection.4.3.3}% 63
\BOOKMARK [3][-]{subsubsection.4.3.3.3}{\376\377\0004\000.\0003\000.\0003\000.\0003\000\040\000a\000t\000\050\000\051\000\040\000[\0001\000/\0002\000]}{subsection.4.3.3}% 64
\BOOKMARK [3][-]{subsubsection.4.3.3.4}{\376\377\0004\000.\0003\000.\0003\000.\0004\000\040\000a\000t\000\050\000\051\000\040\000[\0002\000/\0002\000]}{subsection.4.3.3}% 65
\BOOKMARK [3][-]{subsubsection.4.3.3.5}{\376\377\0004\000.\0003\000.\0003\000.\0005\000\040\000b\000a\000c\000k\000\050\000\051\000\040\000[\0001\000/\0002\000]}{subsection.4.3.3}% 66
\BOOKMARK [3][-]{subsubsection.4.3.3.6}{\376\377\0004\000.\0003\000.\0003\000.\0006\000\040\000b\000a\000c\000k\000\050\000\051\000\040\000[\0002\000/\0002\000]}{subsection.4.3.3}% 67
\BOOKMARK [3][-]{subsubsection.4.3.3.7}{\376\377\0004\000.\0003\000.\0003\000.\0007\000\040\000b\000e\000g\000i\000n\000\050\000\051\000\040\000[\0001\000/\0002\000]}{subsection.4.3.3}% 68
\BOOKMARK [3][-]{subsubsection.4.3.3.8}{\376\377\0004\000.\0003\000.\0003\000.\0008\000\040\000b\000e\000g\000i\000n\000\050\000\051\000\040\000[\0002\000/\0002\000]}{subsection.4.3.3}% 69
\BOOKMARK [3][-]{subsubsection.4.3.3.9}{\376\377\0004\000.\0003\000.\0003\000.\0009\000\040\000c\000a\000p\000a\000c\000i\000t\000y\000\050\000\051}{subsection.4.3.3}% 70
\BOOKMARK [3][-]{subsubsection.4.3.3.10}{\376\377\0004\000.\0003\000.\0003\000.\0001\0000\000\040\000c\000l\000e\000a\000r\000\050\000\051}{subsection.4.3.3}% 71
\BOOKMARK [3][-]{subsubsection.4.3.3.11}{\376\377\0004\000.\0003\000.\0003\000.\0001\0001\000\040\000e\000m\000p\000l\000a\000c\000e\000\137\000b\000a\000c\000k\000\050\000\051}{subsection.4.3.3}% 72
\BOOKMARK [3][-]{subsubsection.4.3.3.12}{\376\377\0004\000.\0003\000.\0003\000.\0001\0002\000\040\000e\000m\000p\000t\000y\000\050\000\051}{subsection.4.3.3}% 73
\BOOKMARK [3][-]{subsubsection.4.3.3.13}{\376\377\0004\000.\0003\000.\0003\000.\0001\0003\000\040\000e\000n\000d\000\050\000\051\000\040\000[\0001\000/\0002\000]}{subsection.4.3.3}% 74
\BOOKMARK [3][-]{subsubsection.4.3.3.14}{\376\377\0004\000.\0003\000.\0003\000.\0001\0004\000\040\000e\000n\000d\000\050\000\051\000\040\000[\0002\000/\0002\000]}{subsection.4.3.3}% 75
\BOOKMARK [3][-]{subsubsection.4.3.3.15}{\376\377\0004\000.\0003\000.\0003\000.\0001\0005\000\040\000e\000r\000a\000s\000e\000\050\000\051}{subsection.4.3.3}% 76
\BOOKMARK [3][-]{subsubsection.4.3.3.16}{\376\377\0004\000.\0003\000.\0003\000.\0001\0006\000\040\000f\000r\000o\000n\000t\000\050\000\051\000\040\000[\0001\000/\0002\000]}{subsection.4.3.3}% 77
\BOOKMARK [3][-]{subsubsection.4.3.3.17}{\376\377\0004\000.\0003\000.\0003\000.\0001\0007\000\040\000f\000r\000o\000n\000t\000\050\000\051\000\040\000[\0002\000/\0002\000]}{subsection.4.3.3}% 78
\BOOKMARK [3][-]{subsubsection.4.3.3.18}{\376\377\0004\000.\0003\000.\0003\000.\0001\0008\000\040\000i\000n\000s\000e\000r\000t\000\050\000\051}{subsection.4.3.3}% 79
\BOOKMARK [3][-]{subsubsection.4.3.3.19}{\376\377\0004\000.\0003\000.\0003\000.\0001\0009\000\040\000o\000p\000e\000r\000a\000t\000o\000r\000!\000=\000\050\000\051}{subsection.4.3.3}% 80
\BOOKMARK [3][-]{subsubsection.4.3.3.20}{\376\377\0004\000.\0003\000.\0003\000.\0002\0000\000\040\000o\000p\000e\000r\000a\000t\000o\000r\000=\000\050\000\051\000\040\000[\0001\000/\0003\000]}{subsection.4.3.3}% 81
\BOOKMARK [3][-]{subsubsection.4.3.3.21}{\376\377\0004\000.\0003\000.\0003\000.\0002\0001\000\040\000o\000p\000e\000r\000a\000t\000o\000r\000=\000\050\000\051\000\040\000[\0002\000/\0003\000]}{subsection.4.3.3}% 82
\BOOKMARK [3][-]{subsubsection.4.3.3.22}{\376\377\0004\000.\0003\000.\0003\000.\0002\0002\000\040\000o\000p\000e\000r\000a\000t\000o\000r\000=\000\050\000\051\000\040\000[\0003\000/\0003\000]}{subsection.4.3.3}% 83
\BOOKMARK [3][-]{subsubsection.4.3.3.23}{\376\377\0004\000.\0003\000.\0003\000.\0002\0003\000\040\000o\000p\000e\000r\000a\000t\000o\000r\000=\000=\000\050\000\051}{subsection.4.3.3}% 84
\BOOKMARK [3][-]{subsubsection.4.3.3.24}{\376\377\0004\000.\0003\000.\0003\000.\0002\0004\000\040\000o\000p\000e\000r\000a\000t\000o\000r\000[\000]\000\050\000\051\000\040\000[\0001\000/\0002\000]}{subsection.4.3.3}% 85
\BOOKMARK [3][-]{subsubsection.4.3.3.25}{\376\377\0004\000.\0003\000.\0003\000.\0002\0005\000\040\000o\000p\000e\000r\000a\000t\000o\000r\000[\000]\000\050\000\051\000\040\000[\0002\000/\0002\000]}{subsection.4.3.3}% 86
\BOOKMARK [3][-]{subsubsection.4.3.3.26}{\376\377\0004\000.\0003\000.\0003\000.\0002\0006\000\040\000p\000o\000p\000\137\000b\000a\000c\000k\000\050\000\051}{subsection.4.3.3}% 87
\BOOKMARK [3][-]{subsubsection.4.3.3.27}{\376\377\0004\000.\0003\000.\0003\000.\0002\0007\000\040\000p\000u\000s\000h\000\137\000b\000a\000c\000k\000\050\000\051\000\040\000[\0001\000/\0002\000]}{subsection.4.3.3}% 88
\BOOKMARK [3][-]{subsubsection.4.3.3.28}{\376\377\0004\000.\0003\000.\0003\000.\0002\0008\000\040\000p\000u\000s\000h\000\137\000b\000a\000c\000k\000\050\000\051\000\040\000[\0002\000/\0002\000]}{subsection.4.3.3}% 89
\BOOKMARK [3][-]{subsubsection.4.3.3.29}{\376\377\0004\000.\0003\000.\0003\000.\0002\0009\000\040\000r\000e\000a\000l\000l\000o\000c\000a\000t\000e\000\050\000\051}{subsection.4.3.3}% 90
\BOOKMARK [3][-]{subsubsection.4.3.3.30}{\376\377\0004\000.\0003\000.\0003\000.\0003\0000\000\040\000r\000e\000s\000e\000r\000v\000e\000\050\000\051}{subsection.4.3.3}% 91
\BOOKMARK [3][-]{subsubsection.4.3.3.31}{\376\377\0004\000.\0003\000.\0003\000.\0003\0001\000\040\000r\000e\000s\000i\000z\000e\000\050\000\051}{subsection.4.3.3}% 92
\BOOKMARK [3][-]{subsubsection.4.3.3.32}{\376\377\0004\000.\0003\000.\0003\000.\0003\0002\000\040\000s\000h\000r\000i\000n\000k\000\137\000t\000o\000\137\000f\000i\000t\000\050\000\051}{subsection.4.3.3}% 93
\BOOKMARK [3][-]{subsubsection.4.3.3.33}{\376\377\0004\000.\0003\000.\0003\000.\0003\0003\000\040\000s\000i\000z\000e\000\050\000\051}{subsection.4.3.3}% 94
\BOOKMARK [3][-]{subsubsection.4.3.3.34}{\376\377\0004\000.\0003\000.\0003\000.\0003\0004\000\040\000s\000w\000a\000p\000\050\000\051}{subsection.4.3.3}% 95
\BOOKMARK [2][-]{subsection.4.3.4}{\376\377\0004\000.\0003\000.\0004\000\040\000F\000r\000i\000e\000n\000d\000s\000\040\000A\000n\000d\000\040\000R\000e\000l\000a\000t\000e\000d\000\040\000S\000y\000m\000b\000o\000l\000\040\000D\000o\000c\000u\000m\000e\000n\000t\000a\000t\000i\000o\000n}{section.4.3}% 96
\BOOKMARK [3][-]{subsubsection.4.3.4.1}{\376\377\0004\000.\0003\000.\0004\000.\0001\000\040\000o\000p\000e\000r\000a\000t\000o\000r\000<}{subsection.4.3.4}% 97
\BOOKMARK [2][-]{subsection.4.3.5}{\376\377\0004\000.\0003\000.\0005\000\040\000M\000e\000m\000b\000e\000r\000\040\000D\000a\000t\000a\000\040\000D\000o\000c\000u\000m\000e\000n\000t\000a\000t\000i\000o\000n}{section.4.3}% 98
\BOOKMARK [3][-]{subsubsection.4.3.5.1}{\376\377\0004\000.\0003\000.\0005\000.\0001\000\040\000c\000a\000p\000a\000c\000i\000t\000y\000\137}{subsection.4.3.5}% 99
\BOOKMARK [3][-]{subsubsection.4.3.5.2}{\376\377\0004\000.\0003\000.\0005\000.\0002\000\040\000d\000a\000t\000a}{subsection.4.3.5}% 100
\BOOKMARK [3][-]{subsubsection.4.3.5.3}{\376\377\0004\000.\0003\000.\0005\000.\0003\000\040\000s\000i\000z\000e\000\137}{subsection.4.3.5}% 101
\BOOKMARK [0][-]{chapter.5}{\376\377\0005\000\040\000F\000i\000l\000e\000\040\000D\000o\000c\000u\000m\000e\000n\000t\000a\000t\000i\000o\000n}{}% 102
\BOOKMARK [1][-]{section.5.1}{\376\377\0005\000.\0001\000\040\000v\000e\000c\000t\000o\000r\000/\000i\000n\000c\000l\000u\000d\000e\000/\000f\000u\000n\000c\000t\000i\000o\000n\000s\000.\000h\000\040\000F\000i\000l\000e\000\040\000R\000e\000f\000e\000r\000e\000n\000c\000e}{chapter.5}% 103
\BOOKMARK [2][-]{subsection.5.1.1}{\376\377\0005\000.\0001\000.\0001\000\040\000D\000e\000t\000a\000i\000l\000e\000d\000\040\000D\000e\000s\000c\000r\000i\000p\000t\000i\000o\000n}{section.5.1}% 104
\BOOKMARK [2][-]{subsection.5.1.2}{\376\377\0005\000.\0001\000.\0002\000\040\000F\000u\000n\000c\000t\000i\000o\000n\000\040\000D\000o\000c\000u\000m\000e\000n\000t\000a\000t\000i\000o\000n}{section.5.1}% 105
\BOOKMARK [3][-]{subsubsection.5.1.2.1}{\376\377\0005\000.\0001\000.\0002\000.\0001\000\040\000a\000n\000t\000r\000a\000s\000\050\000\051}{subsection.5.1.2}% 106
\BOOKMARK [3][-]{subsubsection.5.1.2.2}{\376\377\0005\000.\0001\000.\0002\000.\0002\000\040\000a\000s\000t\000u\000n\000t\000a\000s\000\050\000\051}{subsection.5.1.2}% 107
\BOOKMARK [3][-]{subsubsection.5.1.2.3}{\376\377\0005\000.\0001\000.\0002\000.\0003\000\040\000g\000e\000n\000e\000r\000u\000o\000t\000i\000F\000a\000i\000l\000a\000\050\000\051}{subsection.5.1.2}% 108
\BOOKMARK [3][-]{subsubsection.5.1.2.4}{\376\377\0005\000.\0001\000.\0002\000.\0004\000\040\000k\000e\000t\000v\000i\000r\000t\000a\000s\000\050\000\051}{subsection.5.1.2}% 109
\BOOKMARK [3][-]{subsubsection.5.1.2.5}{\376\377\0005\000.\0001\000.\0002\000.\0005\000\040\000n\000u\000s\000k\000a\000i\000t\000y\000t\000i\000G\000e\000n\000e\000r\000u\000o\000t\000u\000s\000F\000a\000i\000l\000u\000s\000\050\000\051}{subsection.5.1.2}% 110
\BOOKMARK [3][-]{subsubsection.5.1.2.6}{\376\377\0005\000.\0001\000.\0002\000.\0006\000\040\000p\000e\000n\000k\000t\000a\000s\000\050\000\051}{subsection.5.1.2}% 111
\BOOKMARK [3][-]{subsubsection.5.1.2.7}{\376\377\0005\000.\0001\000.\0002\000.\0007\000\040\000p\000i\000r\000m\000a\000s\000\050\000\051}{subsection.5.1.2}% 112
\BOOKMARK [3][-]{subsubsection.5.1.2.8}{\376\377\0005\000.\0001\000.\0002\000.\0008\000\040\000r\000u\000s\000i\000u\000o\000t\000i\000O\000u\000t\000p\000u\000t\000\050\000\051}{subsection.5.1.2}% 113
\BOOKMARK [3][-]{subsubsection.5.1.2.9}{\376\377\0005\000.\0001\000.\0002\000.\0009\000\040\000s\000e\000p\000t\000i\000n\000t\000a\000s\000\050\000\051}{subsection.5.1.2}% 114
\BOOKMARK [3][-]{subsubsection.5.1.2.10}{\376\377\0005\000.\0001\000.\0002\000.\0001\0000\000\040\000s\000e\000s\000t\000a\000s\000\050\000\051}{subsection.5.1.2}% 115
\BOOKMARK [3][-]{subsubsection.5.1.2.11}{\376\377\0005\000.\0001\000.\0002\000.\0001\0001\000\040\000s\000k\000i\000r\000s\000t\000y\000t\000i\000S\000t\000u\000d\000e\000n\000t\000u\000s\000\050\000\051}{subsection.5.1.2}% 116
\BOOKMARK [3][-]{subsubsection.5.1.2.12}{\376\377\0005\000.\0001\000.\0002\000.\0001\0002\000\040\000s\000o\000r\000t\000e\000d\000S\000t\000u\000d\000e\000n\000t\000S\000p\000a\000u\000s\000d\000i\000n\000i\000m\000a\000s\000\050\000\051}{subsection.5.1.2}% 117
\BOOKMARK [3][-]{subsubsection.5.1.2.13}{\376\377\0005\000.\0001\000.\0002\000.\0001\0003\000\040\000s\000p\000a\000u\000s\000d\000i\000n\000i\000m\000a\000s\000\050\000\051}{subsection.5.1.2}% 118
\BOOKMARK [3][-]{subsubsection.5.1.2.14}{\376\377\0005\000.\0001\000.\0002\000.\0001\0004\000\040\000s\000p\000a\000u\000s\000d\000i\000n\000i\000m\000a\000s\000F\000a\000i\000l\000e\000\050\000\051}{subsection.5.1.2}% 119
\BOOKMARK [3][-]{subsubsection.5.1.2.15}{\376\377\0005\000.\0001\000.\0002\000.\0001\0005\000\040\000s\000p\000a\000u\000s\000d\000i\000n\000i\000m\000a\000s\000T\000e\000r\000m\000i\000n\000a\000l\000e\000\050\000\051}{subsection.5.1.2}% 120
\BOOKMARK [3][-]{subsubsection.5.1.2.16}{\376\377\0005\000.\0001\000.\0002\000.\0001\0006\000\040\000t\000r\000e\000c\000i\000a\000s\000\050\000\051}{subsection.5.1.2}% 121
\BOOKMARK [1][-]{section.5.2}{\376\377\0005\000.\0002\000\040\000f\000u\000n\000c\000t\000i\000o\000n\000s\000.\000h}{chapter.5}% 122
\BOOKMARK [1][-]{section.5.3}{\376\377\0005\000.\0003\000\040\000v\000e\000c\000t\000o\000r\000/\000i\000n\000c\000l\000u\000d\000e\000/\000s\000t\000u\000d\000e\000n\000t\000.\000h\000\040\000F\000i\000l\000e\000\040\000R\000e\000f\000e\000r\000e\000n\000c\000e}{chapter.5}% 123
\BOOKMARK [2][-]{subsection.5.3.1}{\376\377\0005\000.\0003\000.\0001\000\040\000D\000e\000t\000a\000i\000l\000e\000d\000\040\000D\000e\000s\000c\000r\000i\000p\000t\000i\000o\000n}{section.5.3}% 124
\BOOKMARK [2][-]{subsection.5.3.2}{\376\377\0005\000.\0003\000.\0002\000\040\000F\000u\000n\000c\000t\000i\000o\000n\000\040\000D\000o\000c\000u\000m\000e\000n\000t\000a\000t\000i\000o\000n}{section.5.3}% 125
\BOOKMARK [3][-]{subsubsection.5.3.2.1}{\376\377\0005\000.\0003\000.\0002\000.\0001\000\040\000o\000p\000e\000r\000a\000t\000o\000r\000<\000<\000\050\000\051}{subsection.5.3.2}% 126
\BOOKMARK [3][-]{subsubsection.5.3.2.2}{\376\377\0005\000.\0003\000.\0002\000.\0002\000\040\000o\000p\000e\000r\000a\000t\000o\000r\000>\000>\000\050\000\051}{subsection.5.3.2}% 127
\BOOKMARK [1][-]{section.5.4}{\376\377\0005\000.\0004\000\040\000s\000t\000u\000d\000e\000n\000t\000.\000h}{chapter.5}% 128
\BOOKMARK [1][-]{section.5.5}{\376\377\0005\000.\0005\000\040\000v\000e\000c\000t\000o\000r\000/\000i\000n\000c\000l\000u\000d\000e\000/\000u\000t\000i\000l\000s\000.\000h\000\040\000F\000i\000l\000e\000\040\000R\000e\000f\000e\000r\000e\000n\000c\000e}{chapter.5}% 129
\BOOKMARK [2][-]{subsection.5.5.1}{\376\377\0005\000.\0005\000.\0001\000\040\000D\000e\000t\000a\000i\000l\000e\000d\000\040\000D\000e\000s\000c\000r\000i\000p\000t\000i\000o\000n}{section.5.5}% 130
\BOOKMARK [2][-]{subsection.5.5.2}{\376\377\0005\000.\0005\000.\0002\000\040\000F\000u\000n\000c\000t\000i\000o\000n\000\040\000D\000o\000c\000u\000m\000e\000n\000t\000a\000t\000i\000o\000n}{section.5.5}% 131
\BOOKMARK [3][-]{subsubsection.5.5.2.1}{\376\377\0005\000.\0005\000.\0002\000.\0001\000\040\000t\000i\000k\000r\000i\000n\000t\000i\000I\000n\000p\000u\000t\000\050\000\051}{subsection.5.5.2}% 132
\BOOKMARK [1][-]{section.5.6}{\376\377\0005\000.\0006\000\040\000u\000t\000i\000l\000s\000.\000h}{chapter.5}% 133
\BOOKMARK [1][-]{section.5.7}{\376\377\0005\000.\0007\000\040\000v\000e\000c\000t\000o\000r\000/\000i\000n\000c\000l\000u\000d\000e\000/\000v\000e\000c\000t\000o\000r\000.\000h\000\040\000F\000i\000l\000e\000\040\000R\000e\000f\000e\000r\000e\000n\000c\000e}{chapter.5}% 134
\BOOKMARK [2][-]{subsection.5.7.1}{\376\377\0005\000.\0007\000.\0001\000\040\000F\000u\000n\000c\000t\000i\000o\000n\000\040\000D\000o\000c\000u\000m\000e\000n\000t\000a\000t\000i\000o\000n}{section.5.7}% 135
\BOOKMARK [3][-]{subsubsection.5.7.1.1}{\376\377\0005\000.\0007\000.\0001\000.\0001\000\040\000o\000p\000e\000r\000a\000t\000o\000r\000<\000\050\000\051}{subsection.5.7.1}% 136
\BOOKMARK [3][-]{subsubsection.5.7.1.2}{\376\377\0005\000.\0007\000.\0001\000.\0002\000\040\000o\000p\000e\000r\000a\000t\000o\000r\000<\000=\000\050\000\051}{subsection.5.7.1}% 137
\BOOKMARK [3][-]{subsubsection.5.7.1.3}{\376\377\0005\000.\0007\000.\0001\000.\0003\000\040\000o\000p\000e\000r\000a\000t\000o\000r\000>\000\050\000\051}{subsection.5.7.1}% 138
\BOOKMARK [3][-]{subsubsection.5.7.1.4}{\376\377\0005\000.\0007\000.\0001\000.\0004\000\040\000o\000p\000e\000r\000a\000t\000o\000r\000>\000=\000\050\000\051}{subsection.5.7.1}% 139
\BOOKMARK [3][-]{subsubsection.5.7.1.5}{\376\377\0005\000.\0007\000.\0001\000.\0005\000\040\000s\000w\000a\000p\000\050\000\051}{subsection.5.7.1}% 140
\BOOKMARK [1][-]{section.5.8}{\376\377\0005\000.\0008\000\040\000v\000e\000c\000t\000o\000r\000.\000h}{chapter.5}% 141
\BOOKMARK [1][-]{section.5.9}{\376\377\0005\000.\0009\000\040\000v\000e\000c\000t\000o\000r\000/\000s\000o\000u\000r\000c\000e\000/\000f\000u\000n\000c\000t\000i\000o\000n\000s\000.\000c\000p\000p\000\040\000F\000i\000l\000e\000\040\000R\000e\000f\000e\000r\000e\000n\000c\000e}{chapter.5}% 142
\BOOKMARK [2][-]{subsection.5.9.1}{\376\377\0005\000.\0009\000.\0001\000\040\000D\000e\000t\000a\000i\000l\000e\000d\000\040\000D\000e\000s\000c\000r\000i\000p\000t\000i\000o\000n}{section.5.9}% 143
\BOOKMARK [2][-]{subsection.5.9.2}{\376\377\0005\000.\0009\000.\0002\000\040\000F\000u\000n\000c\000t\000i\000o\000n\000\040\000D\000o\000c\000u\000m\000e\000n\000t\000a\000t\000i\000o\000n}{section.5.9}% 144
\BOOKMARK [3][-]{subsubsection.5.9.2.1}{\376\377\0005\000.\0009\000.\0002\000.\0001\000\040\000a\000n\000t\000r\000a\000s\000\050\000\051}{subsection.5.9.2}% 145
\BOOKMARK [3][-]{subsubsection.5.9.2.2}{\376\377\0005\000.\0009\000.\0002\000.\0002\000\040\000a\000s\000t\000u\000n\000t\000a\000s\000\050\000\051}{subsection.5.9.2}% 146
\BOOKMARK [3][-]{subsubsection.5.9.2.3}{\376\377\0005\000.\0009\000.\0002\000.\0003\000\040\000g\000e\000n\000e\000r\000u\000o\000t\000i\000F\000a\000i\000l\000a\000\050\000\051}{subsection.5.9.2}% 147
\BOOKMARK [3][-]{subsubsection.5.9.2.4}{\376\377\0005\000.\0009\000.\0002\000.\0004\000\040\000k\000e\000t\000v\000i\000r\000t\000a\000s\000\050\000\051}{subsection.5.9.2}% 148
\BOOKMARK [3][-]{subsubsection.5.9.2.5}{\376\377\0005\000.\0009\000.\0002\000.\0005\000\040\000n\000u\000s\000k\000a\000i\000t\000y\000t\000i\000G\000e\000n\000e\000r\000u\000o\000t\000u\000s\000F\000a\000i\000l\000u\000s\000\050\000\051}{subsection.5.9.2}% 149
\BOOKMARK [3][-]{subsubsection.5.9.2.6}{\376\377\0005\000.\0009\000.\0002\000.\0006\000\040\000p\000e\000n\000k\000t\000a\000s\000\050\000\051}{subsection.5.9.2}% 150
\BOOKMARK [3][-]{subsubsection.5.9.2.7}{\376\377\0005\000.\0009\000.\0002\000.\0007\000\040\000p\000i\000r\000m\000a\000s\000\050\000\051}{subsection.5.9.2}% 151
\BOOKMARK [3][-]{subsubsection.5.9.2.8}{\376\377\0005\000.\0009\000.\0002\000.\0008\000\040\000r\000u\000s\000i\000u\000o\000t\000i\000O\000u\000t\000p\000u\000t\000\050\000\051}{subsection.5.9.2}% 152
\BOOKMARK [3][-]{subsubsection.5.9.2.9}{\376\377\0005\000.\0009\000.\0002\000.\0009\000\040\000s\000e\000p\000t\000i\000n\000t\000a\000s\000\050\000\051}{subsection.5.9.2}% 153
\BOOKMARK [3][-]{subsubsection.5.9.2.10}{\376\377\0005\000.\0009\000.\0002\000.\0001\0000\000\040\000s\000e\000s\000t\000a\000s\000\050\000\051}{subsection.5.9.2}% 154
\BOOKMARK [3][-]{subsubsection.5.9.2.11}{\376\377\0005\000.\0009\000.\0002\000.\0001\0001\000\040\000s\000k\000i\000r\000s\000t\000y\000t\000i\000S\000t\000u\000d\000e\000n\000t\000u\000s\000\050\000\051}{subsection.5.9.2}% 155
\BOOKMARK [3][-]{subsubsection.5.9.2.12}{\376\377\0005\000.\0009\000.\0002\000.\0001\0002\000\040\000s\000o\000r\000t\000e\000d\000S\000t\000u\000d\000e\000n\000t\000S\000p\000a\000u\000s\000d\000i\000n\000i\000m\000a\000s\000\050\000\051}{subsection.5.9.2}% 156
\BOOKMARK [3][-]{subsubsection.5.9.2.13}{\376\377\0005\000.\0009\000.\0002\000.\0001\0003\000\040\000s\000p\000a\000u\000s\000d\000i\000n\000i\000m\000a\000s\000\050\000\051}{subsection.5.9.2}% 157
\BOOKMARK [3][-]{subsubsection.5.9.2.14}{\376\377\0005\000.\0009\000.\0002\000.\0001\0004\000\040\000s\000p\000a\000u\000s\000d\000i\000n\000i\000m\000a\000s\000F\000a\000i\000l\000e\000\050\000\051}{subsection.5.9.2}% 158
\BOOKMARK [3][-]{subsubsection.5.9.2.15}{\376\377\0005\000.\0009\000.\0002\000.\0001\0005\000\040\000s\000p\000a\000u\000s\000d\000i\000n\000i\000m\000a\000s\000T\000e\000r\000m\000i\000n\000a\000l\000e\000\050\000\051}{subsection.5.9.2}% 159
\BOOKMARK [3][-]{subsubsection.5.9.2.16}{\376\377\0005\000.\0009\000.\0002\000.\0001\0006\000\040\000t\000r\000e\000c\000i\000a\000s\000\050\000\051}{subsection.5.9.2}% 160
\BOOKMARK [2][-]{subsection.5.9.3}{\376\377\0005\000.\0009\000.\0003\000\040\000V\000a\000r\000i\000a\000b\000l\000e\000\040\000D\000o\000c\000u\000m\000e\000n\000t\000a\000t\000i\000o\000n}{section.5.9}% 161
\BOOKMARK [3][-]{subsubsection.5.9.3.1}{\376\377\0005\000.\0009\000.\0003\000.\0001\000\040\000p\000r\000o\000g\000r\000a\000m\000o\000s\000L\000a\000i\000k\000a\000s}{subsection.5.9.3}% 162
\BOOKMARK [1][-]{section.5.10}{\376\377\0005\000.\0001\0000\000\040\000v\000e\000c\000t\000o\000r\000/\000s\000o\000u\000r\000c\000e\000/\000m\000a\000i\000n\000.\000c\000p\000p\000\040\000F\000i\000l\000e\000\040\000R\000e\000f\000e\000r\000e\000n\000c\000e}{chapter.5}% 163
\BOOKMARK [2][-]{subsection.5.10.1}{\376\377\0005\000.\0001\0000\000.\0001\000\040\000D\000e\000t\000a\000i\000l\000e\000d\000\040\000D\000e\000s\000c\000r\000i\000p\000t\000i\000o\000n}{section.5.10}% 164
\BOOKMARK [2][-]{subsection.5.10.2}{\376\377\0005\000.\0001\0000\000.\0002\000\040\000F\000u\000n\000c\000t\000i\000o\000n\000\040\000D\000o\000c\000u\000m\000e\000n\000t\000a\000t\000i\000o\000n}{section.5.10}% 165
\BOOKMARK [3][-]{subsubsection.5.10.2.1}{\376\377\0005\000.\0001\0000\000.\0002\000.\0001\000\040\000m\000a\000i\000n\000\050\000\051}{subsection.5.10.2}% 166
\BOOKMARK [2][-]{subsection.5.10.3}{\376\377\0005\000.\0001\0000\000.\0003\000\040\000V\000a\000r\000i\000a\000b\000l\000e\000\040\000D\000o\000c\000u\000m\000e\000n\000t\000a\000t\000i\000o\000n}{section.5.10}% 167
\BOOKMARK [3][-]{subsubsection.5.10.3.1}{\376\377\0005\000.\0001\0000\000.\0003\000.\0001\000\040\000p\000r\000o\000g\000r\000a\000m\000o\000s\000L\000a\000i\000k\000a\000s}{subsection.5.10.3}% 168
\BOOKMARK [1][-]{section.5.11}{\376\377\0005\000.\0001\0001\000\040\000v\000e\000c\000t\000o\000r\000/\000s\000o\000u\000r\000c\000e\000/\000s\000t\000u\000d\000e\000n\000t\000.\000c\000p\000p\000\040\000F\000i\000l\000e\000\040\000R\000e\000f\000e\000r\000e\000n\000c\000e}{chapter.5}% 169
\BOOKMARK [2][-]{subsection.5.11.1}{\376\377\0005\000.\0001\0001\000.\0001\000\040\000D\000e\000t\000a\000i\000l\000e\000d\000\040\000D\000e\000s\000c\000r\000i\000p\000t\000i\000o\000n}{section.5.11}% 170
\BOOKMARK [2][-]{subsection.5.11.2}{\376\377\0005\000.\0001\0001\000.\0002\000\040\000F\000u\000n\000c\000t\000i\000o\000n\000\040\000D\000o\000c\000u\000m\000e\000n\000t\000a\000t\000i\000o\000n}{section.5.11}% 171
\BOOKMARK [3][-]{subsubsection.5.11.2.1}{\376\377\0005\000.\0001\0001\000.\0002\000.\0001\000\040\000o\000p\000e\000r\000a\000t\000o\000r\000<\000<\000\050\000\051}{subsection.5.11.2}% 172
\BOOKMARK [3][-]{subsubsection.5.11.2.2}{\376\377\0005\000.\0001\0001\000.\0002\000.\0002\000\040\000o\000p\000e\000r\000a\000t\000o\000r\000>\000>\000\050\000\051}{subsection.5.11.2}% 173
\BOOKMARK [0][-]{section*.27}{\376\377\000I\000n\000d\000e\000x}{}% 174
