\BOOKMARK [0][-]{chapter.1}{\376\377\0001\000\040\000H\000i\000e\000r\000a\000r\000c\000h\000i\000c\000a\000l\000\040\000I\000n\000d\000e\000x}{}% 1
\BOOKMARK [1][-]{section.1.1}{\376\377\0001\000.\0001\000\040\000C\000l\000a\000s\000s\000\040\000H\000i\000e\000r\000a\000r\000c\000h\000y}{chapter.1}% 2
\BOOKMARK [0][-]{chapter.2}{\376\377\0002\000\040\000C\000l\000a\000s\000s\000\040\000I\000n\000d\000e\000x}{}% 3
\BOOKMARK [1][-]{section.2.1}{\376\377\0002\000.\0001\000\040\000C\000l\000a\000s\000s\000\040\000L\000i\000s\000t}{chapter.2}% 4
\BOOKMARK [0][-]{chapter.3}{\376\377\0003\000\040\000F\000i\000l\000e\000\040\000I\000n\000d\000e\000x}{}% 5
\BOOKMARK [1][-]{section.3.1}{\376\377\0003\000.\0001\000\040\000F\000i\000l\000e\000\040\000L\000i\000s\000t}{chapter.3}% 6
\BOOKMARK [0][-]{chapter.4}{\376\377\0004\000\040\000C\000l\000a\000s\000s\000\040\000D\000o\000c\000u\000m\000e\000n\000t\000a\000t\000i\000o\000n}{}% 7
\BOOKMARK [1][-]{section.4.1}{\376\377\0004\000.\0001\000\040\000H\000u\000m\000a\000n\000\040\000C\000l\000a\000s\000s\000\040\000R\000e\000f\000e\000r\000e\000n\000c\000e}{chapter.4}% 8
\BOOKMARK [1][-]{section.4.2}{\376\377\0004\000.\0002\000\040\000s\000t\000u\000d\000e\000n\000t\000\040\000C\000l\000a\000s\000s\000\040\000R\000e\000f\000e\000r\000e\000n\000c\000e}{chapter.4}% 9
\BOOKMARK [2][-]{subsection.4.2.1}{\376\377\0004\000.\0002\000.\0001\000\040\000M\000e\000m\000b\000e\000r\000\040\000F\000u\000n\000c\000t\000i\000o\000n\000\040\000D\000o\000c\000u\000m\000e\000n\000t\000a\000t\000i\000o\000n}{section.4.2}% 10
\BOOKMARK [3][-]{subsubsection.4.2.1.1}{\376\377\0004\000.\0002\000.\0001\000.\0001\000\040\000s\000k\000a\000i\000c\000i\000u\000o\000t\000i\000G\000a\000l\000u\000t\000i\000n\000i\000\050\000\051}{subsection.4.2.1}% 11
\BOOKMARK [0][-]{chapter.5}{\376\377\0005\000\040\000F\000i\000l\000e\000\040\000D\000o\000c\000u\000m\000e\000n\000t\000a\000t\000i\000o\000n}{}% 12
\BOOKMARK [1][-]{section.5.1}{\376\377\0005\000.\0001\000\040\000C\000:\000/\000U\000s\000e\000r\000s\000/\000L\000e\000n\000o\000v\000o\000/\000D\000e\000s\000k\000t\000o\000p\000/\0002\000-\000u\000z\000d\000u\000o\000t\000i\000s\000/\000v\000e\000c\000t\000o\000r\000/\000i\000n\000c\000l\000u\000d\000e\000/\000f\000u\000n\000c\000t\000i\000o\000n\000s\000.\000h\000\040\000F\000i\000l\000e\000\040\000R\000e\000f\000e\000r\000e\000n\000c\000e}{chapter.5}% 13
\BOOKMARK [2][-]{subsection.5.1.1}{\376\377\0005\000.\0001\000.\0001\000\040\000D\000e\000t\000a\000i\000l\000e\000d\000\040\000D\000e\000s\000c\000r\000i\000p\000t\000i\000o\000n}{section.5.1}% 14
\BOOKMARK [1][-]{section.5.2}{\376\377\0005\000.\0002\000\040\000f\000u\000n\000c\000t\000i\000o\000n\000s\000.\000h}{chapter.5}% 15
\BOOKMARK [1][-]{section.5.3}{\376\377\0005\000.\0003\000\040\000C\000:\000/\000U\000s\000e\000r\000s\000/\000L\000e\000n\000o\000v\000o\000/\000D\000e\000s\000k\000t\000o\000p\000/\0002\000-\000u\000z\000d\000u\000o\000t\000i\000s\000/\000v\000e\000c\000t\000o\000r\000/\000i\000n\000c\000l\000u\000d\000e\000/\000s\000t\000u\000d\000e\000n\000t\000.\000h\000\040\000F\000i\000l\000e\000\040\000R\000e\000f\000e\000r\000e\000n\000c\000e}{chapter.5}% 16
\BOOKMARK [2][-]{subsection.5.3.1}{\376\377\0005\000.\0003\000.\0001\000\040\000D\000e\000t\000a\000i\000l\000e\000d\000\040\000D\000e\000s\000c\000r\000i\000p\000t\000i\000o\000n}{section.5.3}% 17
\BOOKMARK [1][-]{section.5.4}{\376\377\0005\000.\0004\000\040\000s\000t\000u\000d\000e\000n\000t\000.\000h}{chapter.5}% 18
\BOOKMARK [1][-]{section.5.5}{\376\377\0005\000.\0005\000\040\000C\000:\000/\000U\000s\000e\000r\000s\000/\000L\000e\000n\000o\000v\000o\000/\000D\000e\000s\000k\000t\000o\000p\000/\0002\000-\000u\000z\000d\000u\000o\000t\000i\000s\000/\000v\000e\000c\000t\000o\000r\000/\000s\000o\000u\000r\000c\000e\000/\000f\000u\000n\000c\000t\000i\000o\000n\000s\000.\000c\000p\000p\000\040\000F\000i\000l\000e\000\040\000R\000e\000f\000e\000r\000e\000n\000c\000e}{chapter.5}% 19
\BOOKMARK [2][-]{subsection.5.5.1}{\376\377\0005\000.\0005\000.\0001\000\040\000D\000e\000t\000a\000i\000l\000e\000d\000\040\000D\000e\000s\000c\000r\000i\000p\000t\000i\000o\000n}{section.5.5}% 20
\BOOKMARK [1][-]{section.5.6}{\376\377\0005\000.\0006\000\040\000C\000:\000/\000U\000s\000e\000r\000s\000/\000L\000e\000n\000o\000v\000o\000/\000D\000e\000s\000k\000t\000o\000p\000/\0002\000-\000u\000z\000d\000u\000o\000t\000i\000s\000/\000v\000e\000c\000t\000o\000r\000/\000s\000o\000u\000r\000c\000e\000/\000m\000a\000i\000n\000.\000c\000p\000p\000\040\000F\000i\000l\000e\000\040\000R\000e\000f\000e\000r\000e\000n\000c\000e}{chapter.5}% 21
\BOOKMARK [2][-]{subsection.5.6.1}{\376\377\0005\000.\0006\000.\0001\000\040\000D\000e\000t\000a\000i\000l\000e\000d\000\040\000D\000e\000s\000c\000r\000i\000p\000t\000i\000o\000n}{section.5.6}% 22
\BOOKMARK [1][-]{section.5.7}{\376\377\0005\000.\0007\000\040\000C\000:\000/\000U\000s\000e\000r\000s\000/\000L\000e\000n\000o\000v\000o\000/\000D\000e\000s\000k\000t\000o\000p\000/\0002\000-\000u\000z\000d\000u\000o\000t\000i\000s\000/\000v\000e\000c\000t\000o\000r\000/\000s\000o\000u\000r\000c\000e\000/\000s\000t\000u\000d\000e\000n\000t\000.\000c\000p\000p\000\040\000F\000i\000l\000e\000\040\000R\000e\000f\000e\000r\000e\000n\000c\000e}{chapter.5}% 23
\BOOKMARK [2][-]{subsection.5.7.1}{\376\377\0005\000.\0007\000.\0001\000\040\000D\000e\000t\000a\000i\000l\000e\000d\000\040\000D\000e\000s\000c\000r\000i\000p\000t\000i\000o\000n}{section.5.7}% 24
\BOOKMARK [1][-]{section.5.8}{\376\377\0005\000.\0008\000\040\000C\000:\000/\000U\000s\000e\000r\000s\000/\000L\000e\000n\000o\000v\000o\000/\000D\000e\000s\000k\000t\000o\000p\000/\0002\000-\000u\000z\000d\000u\000o\000t\000i\000s\000/\000v\000e\000c\000t\000o\000r\000/\000s\000o\000u\000r\000c\000e\000/\000u\000t\000i\000l\000s\000.\000h\000\040\000F\000i\000l\000e\000\040\000R\000e\000f\000e\000r\000e\000n\000c\000e}{chapter.5}% 25
\BOOKMARK [2][-]{subsection.5.8.1}{\376\377\0005\000.\0008\000.\0001\000\040\000D\000e\000t\000a\000i\000l\000e\000d\000\040\000D\000e\000s\000c\000r\000i\000p\000t\000i\000o\000n}{section.5.8}% 26
\BOOKMARK [1][-]{section.5.9}{\376\377\0005\000.\0009\000\040\000u\000t\000i\000l\000s\000.\000h}{chapter.5}% 27
\BOOKMARK [0][-]{section*.15}{\376\377\000I\000n\000d\000e\000x}{}% 28
